<?xml version="1.0" encoding="UTF-8"?>
<coverage generated="1713641421991" clover="3.2.0">
  <project timestamp="1713641421992" name="All files">
    <metrics statements="45" coveredstatements="45" conditionals="6" coveredconditionals="6" methods="24" coveredmethods="24" elements="75" coveredelements="75" complexity="0" loc="45" ncloc="45" packages="3" files="9" classes="9"/>
    <package name="src">
      <metrics statements="2" coveredstatements="2" conditionals="0" coveredconditionals="0" methods="1" coveredmethods="1"/>
      <file name="App.jsx" path="C:\Users\lappy\js\training\youtube\expense_tracker_react\src\App.jsx">
        <metrics statements="2" coveredstatements="2" conditionals="0" coveredconditionals="0" methods="1" coveredmethods="1"/>
        <line num="10" count="1" type="stmt"/>
        <line num="11" count="4" type="stmt"/>
      </file>
    </package>
    <package name="src.components">
      <metrics statements="32" coveredstatements="32" conditionals="4" coveredconditionals="4" methods="18" coveredmethods="18"/>
      <file name="AddTransaction.jsx" path="C:\Users\lappy\js\training\youtube\expense_tracker_react\src\components\AddTransaction.jsx">
        <metrics statements="10" coveredstatements="10" conditionals="0" coveredconditionals="0" methods="4" coveredmethods="4"/>
        <line num="7" count="32" type="stmt"/>
        <line num="8" count="32" type="stmt"/>
        <line num="10" count="32" type="stmt"/>
        <line num="12" count="32" type="stmt"/>
        <line num="13" count="2" type="stmt"/>
        <line num="15" count="2" type="stmt"/>
        <line num="21" count="2" type="stmt"/>
        <line num="24" count="32" type="stmt"/>
        <line num="35" count="12" type="stmt"/>
        <line num="49" count="11" type="stmt"/>
      </file>
      <file name="Balance.jsx" path="C:\Users\lappy\js\training\youtube\expense_tracker_react\src\components\Balance.jsx">
        <metrics statements="5" coveredstatements="5" conditionals="0" coveredconditionals="0" methods="3" coveredmethods="3"/>
        <line num="5" count="9" type="stmt"/>
        <line num="7" count="10" type="stmt"/>
        <line num="9" count="9" type="stmt"/>
        <line num="10" count="10" type="stmt"/>
        <line num="13" count="9" type="stmt"/>
      </file>
      <file name="Header.jsx" path="C:\Users\lappy\js\training\youtube\expense_tracker_react\src\components\Header.jsx">
        <metrics statements="1" coveredstatements="1" conditionals="0" coveredconditionals="0" methods="1" coveredmethods="1"/>
        <line num="2" count="5" type="stmt"/>
      </file>
      <file name="IncomeExpenses.jsx" path="C:\Users\lappy\js\training\youtube\expense_tracker_react\src\components\IncomeExpenses.jsx">
        <metrics statements="9" coveredstatements="9" conditionals="0" coveredconditionals="0" methods="6" coveredmethods="6"/>
        <line num="5" count="9" type="stmt"/>
        <line num="7" count="10" type="stmt"/>
        <line num="8" count="9" type="stmt"/>
        <line num="9" count="10" type="stmt"/>
        <line num="10" count="9" type="stmt"/>
        <line num="12" count="9" type="stmt"/>
        <line num="13" count="10" type="stmt"/>
        <line num="14" count="1" type="stmt"/>
        <line num="17" count="9" type="stmt"/>
      </file>
      <file name="Transaction.jsx" path="C:\Users\lappy\js\training\youtube\expense_tracker_react\src\components\Transaction.jsx">
        <metrics statements="4" coveredstatements="4" conditionals="4" coveredconditionals="4" methods="2" coveredmethods="2"/>
        <line num="5" count="10" type="stmt"/>
        <line num="7" count="10" type="cond" truecount="2" falsecount="0"/>
        <line num="9" count="10" type="stmt"/>
        <line num="15" count="1" type="stmt"/>
      </file>
      <file name="TransactionList.jsx" path="C:\Users\lappy\js\training\youtube\expense_tracker_react\src\components\TransactionList.jsx">
        <metrics statements="3" coveredstatements="3" conditionals="0" coveredconditionals="0" methods="2" coveredmethods="2"/>
        <line num="6" count="8" type="stmt"/>
        <line num="8" count="8" type="stmt"/>
        <line num="13" count="9" type="stmt"/>
      </file>
    </package>
    <package name="src.context">
      <metrics statements="11" coveredstatements="11" conditionals="2" coveredconditionals="2" methods="5" coveredmethods="5"/>
      <file name="AppReducer.js" path="C:\Users\lappy\js\training\youtube\expense_tracker_react\src\context\AppReducer.js">
        <metrics statements="4" coveredstatements="4" conditionals="2" coveredconditionals="2" methods="2" coveredmethods="2"/>
        <line num="2" count="3" type="cond" truecount="2" falsecount="0"/>
        <line num="4" count="1" type="stmt"/>
        <line num="7" count="1" type="stmt"/>
        <line num="10" count="2" type="stmt"/>
      </file>
      <file name="GlobalState.jsx" path="C:\Users\lappy\js\training\youtube\expense_tracker_react\src\context\GlobalState.jsx">
        <metrics statements="7" coveredstatements="7" conditionals="0" coveredconditionals="0" methods="3" coveredmethods="3"/>
        <line num="4" count="6" type="stmt"/>
        <line num="10" count="6" type="stmt"/>
        <line num="12" count="6" type="stmt"/>
        <line num="13" count="10" type="stmt"/>
        <line num="16" count="1" type="stmt"/>
        <line num="23" count="2" type="stmt"/>
        <line num="29" count="10" type="stmt"/>
      </file>
    </package>
  </project>
</coverage>
