TN:
SF:src\App.jsx
FN:10,(anonymous_0)
FNF:1
FNH:1
FNDA:4,(anonymous_0)
DA:10,1
DA:11,4
LF:2
LH:2
BRF:0
BRH:0
end_of_record
TN:
SF:src\components\AddTransaction.jsx
FN:6,AddTransaction
FN:12,(anonymous_1)
FN:35,(anonymous_2)
FN:49,(anonymous_3)
FNF:4
FNH:4
FNDA:32,AddTransaction
FNDA:2,(anonymous_1)
FNDA:12,(anonymous_2)
FNDA:11,(anonymous_3)
DA:7,32
DA:8,32
DA:10,32
DA:12,32
DA:13,2
DA:15,2
DA:21,2
DA:24,32
DA:35,12
DA:49,11
LF:10
LH:10
BRF:0
BRH:0
end_of_record
TN:
SF:src\components\Balance.jsx
FN:4,Balance
FN:7,(anonymous_1)
FN:10,(anonymous_2)
FNF:3
FNH:3
FNDA:9,Balance
FNDA:10,(anonymous_1)
FNDA:10,(anonymous_2)
DA:5,9
DA:7,10
DA:9,9
DA:10,10
DA:13,9
LF:5
LH:5
BRF:0
BRH:0
end_of_record
TN:
SF:src\components\Header.jsx
FN:1,Header
FNF:1
FNH:1
FNDA:5,Header
DA:2,5
LF:1
LH:1
BRF:0
BRH:0
end_of_record
TN:
SF:src\components\IncomeExpenses.jsx
FN:4,IncomeExpenses
FN:7,(anonymous_1)
FN:9,(anonymous_2)
FN:10,(anonymous_3)
FN:13,(anonymous_4)
FN:14,(anonymous_5)
FNF:6
FNH:6
FNDA:9,IncomeExpenses
FNDA:10,(anonymous_1)
FNDA:10,(anonymous_2)
FNDA:9,(anonymous_3)
FNDA:10,(anonymous_4)
FNDA:1,(anonymous_5)
DA:5,9
DA:7,10
DA:8,9
DA:9,10
DA:10,9
DA:12,9
DA:13,10
DA:14,1
DA:17,9
LF:9
LH:9
BRF:0
BRH:0
end_of_record
TN:
SF:src\components\Transaction.jsx
FN:4,Transaction
FN:15,(anonymous_1)
FNF:2
FNH:2
FNDA:10,Transaction
FNDA:1,(anonymous_1)
DA:5,10
DA:7,10
DA:9,10
DA:15,1
LF:4
LH:4
BRDA:7,0,0,1
BRDA:7,0,1,9
BRDA:10,1,0,1
BRDA:10,1,1,9
BRF:4
BRH:4
end_of_record
TN:
SF:src\components\TransactionList.jsx
FN:5,TransactionList
FN:12,(anonymous_1)
FNF:2
FNH:2
FNDA:8,TransactionList
FNDA:9,(anonymous_1)
DA:6,8
DA:8,8
DA:13,9
LF:3
LH:3
BRF:0
BRH:0
end_of_record
TN:
SF:src\context\AppReducer.js
FN:1,(anonymous_0)
FN:7,(anonymous_1)
FNF:2
FNH:2
FNDA:3,(anonymous_0)
FNDA:1,(anonymous_1)
DA:2,3
DA:4,1
DA:7,1
DA:10,2
LF:4
LH:4
BRDA:2,0,0,1
BRDA:2,0,1,2
BRF:2
BRH:2
end_of_record
TN:
SF:src\context\GlobalState.jsx
FN:12,(anonymous_0)
FN:15,deleteTransaction
FN:22,addTransaction
FNF:3
FNH:3
FNDA:10,(anonymous_0)
FNDA:1,deleteTransaction
FNDA:2,addTransaction
DA:4,6
DA:10,6
DA:12,6
DA:13,10
DA:16,1
DA:23,2
DA:29,10
LF:7
LH:7
BRF:0
BRH:0
end_of_record
