TN:
SF:src\App.jsx
FN:10,(anonymous_0)
FNF:1
FNH:0
FNDA:0,(anonymous_0)
DA:10,0
DA:11,0
LF:2
LH:0
BRF:0
BRH:0
end_of_record
TN:
SF:src\components\AddTransaction.jsx
FN:6,AddTransaction
FN:12,(anonymous_1)
FN:35,(anonymous_2)
FN:49,(anonymous_3)
FNF:4
FNH:0
FNDA:0,AddTransaction
FNDA:0,(anonymous_1)
FNDA:0,(anonymous_2)
FNDA:0,(anonymous_3)
DA:7,0
DA:8,0
DA:10,0
DA:12,0
DA:13,0
DA:15,0
DA:21,0
DA:24,0
DA:35,0
DA:49,0
LF:10
LH:0
BRF:0
BRH:0
end_of_record
TN:
SF:src\components\Balance.jsx
FN:4,Balance
FN:7,(anonymous_1)
FN:10,(anonymous_2)
FNF:3
FNH:0
FNDA:0,Balance
FNDA:0,(anonymous_1)
FNDA:0,(anonymous_2)
DA:5,0
DA:7,0
DA:9,0
DA:10,0
DA:13,0
LF:5
LH:0
BRF:0
BRH:0
end_of_record
TN:
SF:src\components\Header.jsx
FN:1,Header
FNF:1
FNH:0
FNDA:0,Header
DA:2,0
LF:1
LH:0
BRF:0
BRH:0
end_of_record
TN:
SF:src\components\IncomeExpenses.jsx
FN:4,IncomeExpenses
FN:7,(anonymous_1)
FN:9,(anonymous_2)
FN:10,(anonymous_3)
FN:13,(anonymous_4)
FN:14,(anonymous_5)
FNF:6
FNH:5
FNDA:2,IncomeExpenses
FNDA:2,(anonymous_1)
FNDA:2,(anonymous_2)
FNDA:2,(anonymous_3)
FNDA:2,(anonymous_4)
FNDA:0,(anonymous_5)
DA:5,2
DA:7,2
DA:8,2
DA:9,2
DA:10,2
DA:12,2
DA:13,2
DA:14,0
DA:17,2
LF:9
LH:8
BRF:0
BRH:0
end_of_record
TN:
SF:src\components\Transaction.jsx
FN:4,Transaction
FN:14,(anonymous_1)
FNF:2
FNH:0
FNDA:0,Transaction
FNDA:0,(anonymous_1)
DA:5,0
DA:7,0
DA:9,0
DA:14,0
LF:4
LH:0
BRDA:7,0,0,0
BRDA:7,0,1,0
BRDA:10,1,0,0
BRDA:10,1,1,0
BRF:4
BRH:0
end_of_record
TN:
SF:src\components\TransactionList.jsx
FN:5,TransactionList
FN:12,(anonymous_1)
FNF:2
FNH:0
FNDA:0,TransactionList
FNDA:0,(anonymous_1)
DA:6,0
DA:8,0
DA:13,0
LF:3
LH:0
BRF:0
BRH:0
end_of_record
TN:
SF:src\context\AppReducer.js
FN:1,(anonymous_0)
FN:7,(anonymous_1)
FNF:2
FNH:0
FNDA:0,(anonymous_0)
FNDA:0,(anonymous_1)
DA:2,0
DA:4,0
DA:7,0
DA:10,0
DA:15,0
LF:5
LH:0
BRDA:2,0,0,0
BRDA:2,0,1,0
BRDA:2,0,2,0
BRF:3
BRH:0
end_of_record
TN:
SF:src\context\GlobalState.jsx
FN:12,(anonymous_0)
FN:15,deleteTransaction
FN:22,addTransaction
FNF:3
FNH:0
FNDA:0,(anonymous_0)
FNDA:0,deleteTransaction
FNDA:0,addTransaction
DA:4,1
DA:10,1
DA:12,1
DA:13,0
DA:16,0
DA:23,0
DA:29,0
LF:7
LH:3
BRF:0
BRH:0
end_of_record
